<?xml version="1.0" encoding="UTF-8"?>
<!-- Generated by org.testng.reporters.JUnitReportReporter -->
<testsuite hostname="DESKTOP-JCL7HJU" failures="0" tests="2" name="testNG.SampleTestCase" time="0.027" errors="0" timestamp="2022-08-05T15:44:17 IST" skipped="0">
  <testcase classname="testNG.SampleTestCase" name="firstTestcase" time="0.024"/>
  <system-out/>
  <testcase classname="testNG.SampleTestCase" name="secondTestcase" time="0.003"/>
  <system-out/>
</testsuite> <!-- testNG.SampleTestCase -->
